init
ready
disconnected
init
ready
MESSAGE: nimrodium: !ping
logging pointer sid:1260385965868974130 cid:1260385966410174517
MESSAGE: louisbot: pong!
MESSAGE: nimrodium: !ping
MESSAGE: louisbot: pong!
MESSAGE: nimrodium: !ping
MESSAGE: louisbot: pong!
disconnected
init
ready
MESSAGE: nimrodium: !ping
MESSAGE: louisbot: pong!
MESSAGE: okks: ladies and like 3 gentlemen i might have been misdirected
MESSAGE: nimrodium: i have a bomb
disconnected
init
MESSAGE: ssirdelusion: Back in English 2 sophomore year
logging pointer sid:1050104571768348676 cid:1050104572355547148
ready
MESSAGE: okks: at least the magpies are friendly
MESSAGE: nimrodium: louis
MESSAGE: nimrodium: my god i just want it to print stuff
MESSAGE: nimrodium: im making it a systemd service but i still need to see stdout
MESSAGE: okks: just get a printer lol
MESSAGE: nimrodium: bomb
MESSAGE: okks: for fucks sake another job application denied
MESSAGE: redjournal: may truly is the month of louiscord employment
disconnected
